2025-09-08 09:43:18,532 INFO: SMS 웹앱 시작 [in /Users/conanssam-m4/macos_send_message/app.py:487]
2025-09-08 09:43:18,620 INFO: SMS 웹앱 시작 [in /Users/conanssam-m4/macos_send_message/app.py:487]
2025-09-08 09:46:21,092 INFO: SMS 웹앱 시작 [in /Users/conanssam-m4/macos_send_message/app.py:492]
2025-09-08 10:09:03,414 INFO: SMS 웹앱 시작 [in /Users/conanssam-m4/macos_send_message/app.py:492]
2025-09-08 10:09:19,649 INFO: SMS 웹앱 시작 [in /Users/conanssam-m4/macos_send_message/app.py:551]
2025-09-08 10:09:39,929 INFO: SMS 웹앱 시작 [in /Users/conanssam-m4/macos_send_message/app.py:559]
2025-09-08 10:17:06,435 INFO: SMS 웹앱 시작 [in /Users/conanssam-m4/macos_send_message/app.py:559]
2025-09-08 10:17:10,584 INFO: SMS 웹앱 시작 [in /Users/conanssam-m4/macos_send_message/app.py:560]
2025-09-08 10:19:33,951 INFO: SMS 웹앱 시작 [in /Users/conanssam-m4/macos_send_message/app.py:559]
2025-09-08 10:54:11,803 INFO: 파일 업로드 API 호출됨 [in /Users/conanssam-m4/macos_send_message/app.py:319]
2025-09-08 10:54:11,804 INFO: 파일 업로드 시작: number.md (크기: 0 bytes) [in /Users/conanssam-m4/macos_send_message/app.py:335]
2025-09-08 11:00:33,812 INFO: 파일 업로드 API 호출됨 [in /Users/conanssam-m4/macos_send_message/app.py:319]
2025-09-08 11:00:33,814 INFO: 파일 업로드 시작: number.md (크기: 0 bytes) [in /Users/conanssam-m4/macos_send_message/app.py:335]
2025-09-08 11:13:33,612 INFO: SMS 전송 시작 - 번호: 010***1108, 메시지 길이: 224자 [in /Users/conanssam-m4/macos_send_message/app.py:169]
2025-09-08 11:13:40,315 INFO: SMS 전송 시작 - 번호: 010***9429, 메시지 길이: 224자 [in /Users/conanssam-m4/macos_send_message/app.py:169]
2025-09-08 11:13:41,547 INFO: SMS 전송 시작 - 번호: 010***7794, 메시지 길이: 224자 [in /Users/conanssam-m4/macos_send_message/app.py:169]
2025-09-08 11:13:42,869 INFO: SMS 전송 시작 - 번호: 01-***4863, 메시지 길이: 224자 [in /Users/conanssam-m4/macos_send_message/app.py:169]
2025-09-08 11:13:44,139 INFO: SMS 전송 시작 - 번호: 010***5438, 메시지 길이: 224자 [in /Users/conanssam-m4/macos_send_message/app.py:169]
2025-09-08 11:13:45,416 INFO: SMS 전송 시작 - 번호: 010***7204, 메시지 길이: 224자 [in /Users/conanssam-m4/macos_send_message/app.py:169]
2025-09-08 11:13:46,696 INFO: SMS 전송 시작 - 번호: 010***2595, 메시지 길이: 224자 [in /Users/conanssam-m4/macos_send_message/app.py:169]
2025-09-08 11:13:47,960 INFO: SMS 전송 시작 - 번호: 010***8896, 메시지 길이: 224자 [in /Users/conanssam-m4/macos_send_message/app.py:169]
2025-09-08 11:13:49,238 INFO: SMS 전송 시작 - 번호: 010***5895, 메시지 길이: 224자 [in /Users/conanssam-m4/macos_send_message/app.py:169]
2025-09-08 11:13:50,497 INFO: SMS 전송 시작 - 번호: 010***1871, 메시지 길이: 224자 [in /Users/conanssam-m4/macos_send_message/app.py:169]
2025-09-08 11:13:51,775 INFO: SMS 전송 시작 - 번호: 010***7620, 메시지 길이: 224자 [in /Users/conanssam-m4/macos_send_message/app.py:169]
2025-09-08 11:13:53,056 INFO: SMS 전송 시작 - 번호: 010***9152, 메시지 길이: 224자 [in /Users/conanssam-m4/macos_send_message/app.py:169]
2025-09-08 11:13:54,339 INFO: SMS 전송 시작 - 번호: 010***0733, 메시지 길이: 224자 [in /Users/conanssam-m4/macos_send_message/app.py:169]
2025-09-08 11:13:55,611 INFO: SMS 전송 시작 - 번호: 010***2966, 메시지 길이: 224자 [in /Users/conanssam-m4/macos_send_message/app.py:169]
2025-09-08 11:13:56,907 INFO: SMS 전송 시작 - 번호: 010***3501, 메시지 길이: 224자 [in /Users/conanssam-m4/macos_send_message/app.py:169]
2025-09-08 11:13:58,190 INFO: SMS 전송 시작 - 번호: 010***8318, 메시지 길이: 224자 [in /Users/conanssam-m4/macos_send_message/app.py:169]
2025-09-08 11:13:59,470 INFO: SMS 전송 시작 - 번호: 010***3975, 메시지 길이: 224자 [in /Users/conanssam-m4/macos_send_message/app.py:169]
2025-09-08 11:14:00,753 INFO: SMS 전송 시작 - 번호: 010***2291, 메시지 길이: 224자 [in /Users/conanssam-m4/macos_send_message/app.py:169]
2025-09-08 11:14:02,023 INFO: SMS 전송 시작 - 번호: 010***0633, 메시지 길이: 224자 [in /Users/conanssam-m4/macos_send_message/app.py:169]
2025-09-08 11:14:03,301 INFO: SMS 전송 시작 - 번호: 010***7019, 메시지 길이: 224자 [in /Users/conanssam-m4/macos_send_message/app.py:169]
2025-09-08 11:14:04,550 INFO: SMS 전송 시작 - 번호: 010***1212, 메시지 길이: 224자 [in /Users/conanssam-m4/macos_send_message/app.py:169]
2025-09-08 11:14:05,828 INFO: SMS 전송 시작 - 번호: 010***4938, 메시지 길이: 224자 [in /Users/conanssam-m4/macos_send_message/app.py:169]
2025-09-08 11:14:07,103 INFO: SMS 전송 시작 - 번호: 010***6585, 메시지 길이: 224자 [in /Users/conanssam-m4/macos_send_message/app.py:169]
2025-09-08 11:14:08,385 INFO: SMS 전송 시작 - 번호: 010***7214, 메시지 길이: 224자 [in /Users/conanssam-m4/macos_send_message/app.py:169]
